0 silly argv {
0 silly argv   _: [ 'bootstrap' ],
0 silly argv   lernaVersion: '5.1.8',
0 silly argv   '$0': '/Users/pengpeng/notifications/node_modules/.bin/lerna'
0 silly argv }
1 notice cli v5.1.8
2 verbose rootPath /Users/pengpeng/notifications
3 error JSONError: Unexpected token "}" (0x7D) in JSON at position 561 while parsing near "....2.0\",\n        \n    },\n    \"dependencies..." in packages/core/package.json
3 error
3 error [0m [90m 21 |[39m         [32m"tsup"[39m[33m:[39m [32m"^7.2.0"[39m[33m,[39m[0m
3 error [0m [90m 22 |[39m         [0m
3 error [0m[31m[1m>[22m[39m[90m 23 |[39m     }[33m,[39m[0m
3 error [0m [90m    |[39m     [31m[1m^[22m[39m[0m
3 error [0m [90m 24 |[39m     [32m"dependencies"[39m[33m:[39m {[0m
3 error [0m [90m 25 |[39m         [32m"dotenv"[39m[33m:[39m [32m"16.0.0"[39m[33m,[39m[0m
3 error [0m [90m 26 |[39m         [32m"ts-node"[39m[33m:[39m [32m"10.1.0"[39m[33m,[39m[0m
3 error
3 error     at parseJson (/Users/pengpeng/notifications/node_modules/parse-json/index.js:29:21)
3 error     at parse (/Users/pengpeng/notifications/node_modules/load-json-file/index.js:15:9)
3 error     at module.exports (/Users/pengpeng/notifications/node_modules/load-json-file/index.js:18:47)
